[debug] [2022-04-28T06:05:56.730Z] ----------------------------------------------------------------------
[debug] [2022-04-28T06:05:56.735Z] Command:       C:\Program Files\nodejs\node.exe C:\Users\user\AppData\Roaming\npm\node_modules\firebase-tools\lib\bin\firebase.js deploy
[debug] [2022-04-28T06:05:56.736Z] CLI Version:   10.2.2
[debug] [2022-04-28T06:05:56.736Z] Platform:      win32
[debug] [2022-04-28T06:05:56.736Z] Node Version:  v16.14.2
[debug] [2022-04-28T06:05:56.803Z] Time:          Thu Apr 28 2022 11:35:56 GMT+0530 (India Standard Time)
[debug] [2022-04-28T06:05:56.803Z] ----------------------------------------------------------------------
[debug] 
[debug] [2022-04-28T06:05:57.006Z] > command requires scopes: ["email","openid","https://www.googleapis.com/auth/cloudplatformprojects.readonly","https://www.googleapis.com/auth/firebase","https://www.googleapis.com/auth/cloud-platform"]
[debug] [2022-04-28T06:05:57.007Z] > authorizing via signed-in user (kamal.yadav@buzzybrains.com)
[debug] [2022-04-28T06:05:57.008Z] [iam] checking project fir-auth-47465 for permissions ["firebase.projects.get","firebasehosting.sites.update"]
[debug] [2022-04-28T06:05:57.013Z] >>> [apiv2][query] POST https://cloudresourcemanager.googleapis.com/v1/projects/fir-auth-47465:testIamPermissions [none]
[debug] [2022-04-28T06:05:57.014Z] >>> [apiv2][body] POST https://cloudresourcemanager.googleapis.com/v1/projects/fir-auth-47465:testIamPermissions {"permissions":["firebase.projects.get","firebasehosting.sites.update"]}
[debug] [2022-04-28T06:05:59.183Z] <<< [apiv2][status] POST https://cloudresourcemanager.googleapis.com/v1/projects/fir-auth-47465:testIamPermissions 200
[debug] [2022-04-28T06:05:59.184Z] <<< [apiv2][body] POST https://cloudresourcemanager.googleapis.com/v1/projects/fir-auth-47465:testIamPermissions {"permissions":["firebase.projects.get","firebasehosting.sites.update"]}
[debug] [2022-04-28T06:05:59.187Z] >>> [apiv2][query] GET https://firebase.googleapis.com/v1beta1/projects/fir-auth-47465 [none]
[debug] [2022-04-28T06:05:59.205Z] Failed to make request to https://firebase.googleapis.com/v1beta1/projects/fir-auth-47465
[debug] [2022-04-28T06:05:59.502Z] FirebaseError: Failed to make request to https://firebase.googleapis.com/v1beta1/projects/fir-auth-47465
    at RetryOperation._fn (C:\Users\user\AppData\Roaming\npm\node_modules\firebase-tools\lib\apiv2.js:240:31)
    at processTicksAndRejections (node:internal/process/task_queues:96:5)
[error] 
[error] Error: Failed to get Firebase project fir-auth-47465. Please make sure the project exists and your account has permission to access it.
